# JRE version: Java(TM) SE Runtime Environment (18.0.2+9) (build 18.0.2+9-61)
# Java VM: Java HotSpot(TM) 64-Bit Server VM (18.0.2+9-61, mixed mode, sharing, tiered, compressed oops, compressed class ptrs, g1 gc, windows-amd64)
GC Precious Log:
 CardTable entry size: 512
 Card Set container configuration: InlinePtr #cards 4 size 8 Array Of Cards #cards 16 size 48 Howl #buckets 8 coarsen threshold 3686 Howl Bitmap #cards 512 size 80 coarsen threshold 460 Card regions per heap region 1 cards per card region 4096
 CPUs: 4 total, 4 available
 Memory: 12188M
 Large Page Support: Disabled
 NUMA Support: Disabled
 Compressed Oops: Enabled (Zero based)
 Heap Region Size: 2M
 Heap Min Capacity: 8M
 Heap Initial Capacity: 192M
 Heap Max Capacity: 3048M
 Pre-touch: Disabled
 Parallel Workers: 4
 Concurrent Workers: 1
 Concurrent Refinement Workers: 4
 Periodic GC: Disabled
Heap:
 garbage-first heap   total 71680K, used 28594K [0x0000000741800000, 0x0000000800000000)
  region size 2048K, 3 young (6144K), 2 survivors (4096K)
 Metaspace       used 65585K, committed 66112K, reserved 1114112K
  class space    used 8973K, committed 9216K, reserved 1048576K
GC Heap History (20 events):
Event: 7.398 GC heap before
{Heap before GC invocations=7 (full 0):
 garbage-first heap   total 55296K, used 35447K [0x0000000741800000, 0x0000000800000000)
  region size 2048K, 11 young (22528K), 1 survivors (2048K)
 Metaspace       used 31868K, committed 32320K, reserved 1114112K
  class space    used 3950K, committed 4160K, reserved 1048576K
}
Event: 7.407 GC heap after
{Heap after GC invocations=8 (full 0):
 garbage-first heap   total 55296K, used 17312K [0x0000000741800000, 0x0000000800000000)
  region size 2048K, 2 young (4096K), 2 survivors (4096K)
 Metaspace       used 31868K, committed 32320K, reserved 1114112K
  class space    used 3950K, committed 4160K, reserved 1048576K
}
Event: 8.193 GC heap before
{Heap before GC invocations=8 (full 0):
 garbage-first heap   total 55296K, used 29600K [0x0000000741800000, 0x0000000800000000)
  region size 2048K, 10 young (20480K), 2 survivors (4096K)
 Metaspace       used 35443K, committed 35968K, reserved 1114112K
  class space    used 4393K, committed 4672K, reserved 1048576K
}
Event: 8.202 GC heap after
{Heap after GC invocations=9 (full 0):
 garbage-first heap   total 55296K, used 18208K [0x0000000741800000, 0x0000000800000000)
  region size 2048K, 1 young (2048K), 1 survivors (2048K)
 Metaspace       used 35443K, committed 35968K, reserved 1114112K
  class space    used 4393K, committed 4672K, reserved 1048576K
}
Event: 9.233 GC heap before
{Heap before GC invocations=10 (full 0):
 garbage-first heap   total 55296K, used 36640K [0x0000000741800000, 0x0000000800000000)
  region size 2048K, 11 young (22528K), 1 survivors (2048K)
 Metaspace       used 40937K, committed 41408K, reserved 1114112K
  class space    used 5232K, committed 5440K, reserved 1048576K
}
Event: 9.238 GC heap after
{Heap after GC invocations=11 (full 0):
 garbage-first heap   total 55296K, used 19075K [0x0000000741800000, 0x0000000800000000)
  region size 2048K, 1 young (2048K), 1 survivors (2048K)
 Metaspace       used 40937K, committed 41408K, reserved 1114112K
  class space    used 5232K, committed 5440K, reserved 1048576K
}
Event: 10.014 GC heap before
{Heap before GC invocations=11 (full 0):
 garbage-first heap   total 55296K, used 39555K [0x0000000741800000, 0x0000000800000000)
  region size 2048K, 11 young (22528K), 1 survivors (2048K)
 Metaspace       used 46943K, committed 47424K, reserved 1114112K
  class space    used 6003K, committed 6208K, reserved 1048576K
}
Event: 10.020 GC heap after
{Heap after GC invocations=12 (full 0):
 garbage-first heap   total 55296K, used 20254K [0x0000000741800000, 0x0000000800000000)
  region size 2048K, 2 young (4096K), 2 survivors (4096K)
 Metaspace       used 46943K, committed 47424K, reserved 1114112K
  class space    used 6003K, committed 6208K, reserved 1048576K
}
Event: 10.880 GC heap before
{Heap before GC invocations=12 (full 0):
 garbage-first heap   total 55296K, used 40734K [0x0000000741800000, 0x0000000800000000)
  region size 2048K, 12 young (24576K), 2 survivors (4096K)
 Metaspace       used 53249K, committed 53760K, reserved 1114112K
  class space    used 7109K, committed 7360K, reserved 1048576K
}
Event: 10.888 GC heap after
{Heap after GC invocations=13 (full 0):
 garbage-first heap   total 55296K, used 21167K [0x0000000741800000, 0x0000000800000000)
  region size 2048K, 2 young (4096K), 2 survivors (4096K)
 Metaspace       used 53249K, committed 53760K, reserved 1114112K
  class space    used 7109K, committed 7360K, reserved 1048576K
}
Event: 11.638 GC heap before
{Heap before GC invocations=13 (full 0):
 garbage-first heap   total 55296K, used 39599K [0x0000000741800000, 0x0000000800000000)
  region size 2048K, 11 young (22528K), 2 survivors (4096K)
 Metaspace       used 56924K, committed 57472K, reserved 1114112K
  class space    used 7573K, committed 7808K, reserved 1048576K
}
Event: 11.646 GC heap after
{Heap after GC invocations=14 (full 0):
 garbage-first heap   total 55296K, used 22706K [0x0000000741800000, 0x0000000800000000)
  region size 2048K, 2 young (4096K), 2 survivors (4096K)
 Metaspace       used 56924K, committed 57472K, reserved 1114112K
  class space    used 7573K, committed 7808K, reserved 1048576K
}
Event: 12.171 GC heap before
{Heap before GC invocations=14 (full 0):
 garbage-first heap   total 55296K, used 41138K [0x0000000741800000, 0x0000000800000000)
  region size 2048K, 11 young (22528K), 2 survivors (4096K)
 Metaspace       used 59603K, committed 60224K, reserved 1114112K
  class space    used 8022K, committed 8320K, reserved 1048576K
}
Event: 12.182 GC heap after
{Heap after GC invocations=15 (full 0):
 garbage-first heap   total 55296K, used 24865K [0x0000000741800000, 0x0000000800000000)
  region size 2048K, 2 young (4096K), 2 survivors (4096K)
 Metaspace       used 59603K, committed 60224K, reserved 1114112K
  class space    used 8022K, committed 8320K, reserved 1048576K
}
Event: 12.280 GC heap before
{Heap before GC invocations=15 (full 0):
 garbage-first heap   total 55296K, used 31009K [0x0000000741800000, 0x0000000800000000)
  region size 2048K, 6 young (12288K), 2 survivors (4096K)
 Metaspace       used 59925K, committed 60480K, reserved 1114112K
  class space    used 8043K, committed 8320K, reserved 1048576K
}
Event: 12.288 GC heap after
{Heap after GC invocations=16 (full 0):
 garbage-first heap   total 71680K, used 24680K [0x0000000741800000, 0x0000000800000000)
  region size 2048K, 1 young (2048K), 1 survivors (2048K)
 Metaspace       used 59925K, committed 60480K, reserved 1114112K
  class space    used 8043K, committed 8320K, reserved 1048576K
}
Event: 12.832 GC heap before
{Heap before GC invocations=17 (full 0):
 garbage-first heap   total 71680K, used 53352K [0x0000000741800000, 0x0000000800000000)
  region size 2048K, 16 young (32768K), 1 survivors (2048K)
 Metaspace       used 61610K, committed 62208K, reserved 1114112K
  class space    used 8478K, committed 8768K, reserved 1048576K
}
Event: 12.838 GC heap after
{Heap after GC invocations=18 (full 0):
 garbage-first heap   total 71680K, used 26019K [0x0000000741800000, 0x0000000800000000)
  region size 2048K, 2 young (4096K), 2 survivors (4096K)
 Metaspace       used 61610K, committed 62208K, reserved 1114112K
  class space    used 8478K, committed 8768K, reserved 1048576K
}
Event: 14.040 GC heap before
{Heap before GC invocations=18 (full 0):
 garbage-first heap   total 71680K, used 54691K [0x0000000741800000, 0x0000000800000000)
  region size 2048K, 16 young (32768K), 2 survivors (4096K)
 Metaspace       used 65307K, committed 65920K, reserved 1114112K
  class space    used 8936K, committed 9216K, reserved 1048576K
}
Event: 14.053 GC heap after
{Heap after GC invocations=19 (full 0):
 garbage-first heap   total 71680K, used 28594K [0x0000000741800000, 0x0000000800000000)
  region size 2048K, 2 young (4096K), 2 survivors (4096K)
 Metaspace       used 65307K, committed 65920K, reserved 1114112K
  class space    used 8936K, committed 9216K, reserved 1048576K
}

